-------------------- Log Start | Wed Sep 20 21:05:46 2023 --------------------
data_path: /home/Klipper/printer_data
is_default_data_path: False
config_file: /home/Klipper/printer_data/config/moonraker.conf
startup_warnings: []
verbose: False
debug: False
asyncio_debug: False
is_backup_config: False
is_python_package: False
instance_uuid: 9638e94d128f4a4f834e0e3878c33e94
unix_socket_path: /home/Klipper/printer_data/comms/moonraker.sock
software_version: v0.8.0-139-g3d9052d
git_branch: master
git_remote: origin
git_repo_url: https://github.com/Arksine/moonraker.git
modified_files: []
unofficial_components: []
log_file: /home/Klipper/printer_data/logs/moonraker.log
python_version: 3.9.2 (default, Mar 12 2021, 04:06:34)  [GCC 10.2.1 20210110]

#################### Moonraker Configuration ####################

[server]
host = 0.0.0.0
port = 7125
klippy_uds_address = /home/Klipper/printer_data/comms/klippy.sock

[authorization]
trusted_clients = 
	10.0.0.0/16
	10.0.0.0/8
	127.0.0.0/8
	169.254.0.0/16
	172.16.0.0/12
	192.168.0.0/16
	FE80::/10
	::1/128
cors_domains = 
	http://*.lan
	http://*.local
	https://my.mainsail.xyz
	http://my.mainsail.xyz
	https://app.fluidd.xyz
	http://app.fluidd.xyz

[octoprint_compat]

[file_manager]
enable_object_processing = True

[history]

[update_manager]
channel = dev
refresh_interval = 168

[update_manager mainsail]
type = git_repo
primary_branch = master
path = ~/mainsail-config
origin = https://github.com/mainsail-crew/mainsail-config.git
managed_services = klipper

[update_manager Klipper-Adaptive-Meshing-Purging]
type = git_repo
channel = dev
path = ~/Klipper-Adaptive-Meshing-Purging
origin = https://github.com/kyleisah/Klipper-Adaptive-Meshing-Purging.git
managed_services = klipper
primary_branch = main

[update_manager crowsnest]
type = git_repo
path = ~/crowsnest
origin = https://github.com/mainsail-crew/crowsnest.git
install_script = tools/pkglist.sh

[update_manager timelapse]
type = git_repo
primary_branch = main
path = ~/moonraker-timelapse
origin = https://github.com/mainsail-crew/moonraker-timelapse.git
managed_services = klipper moonraker

[timelapse]

[update_manager client klipper-backup]
type = git_repo
path = ~/klipper-backup
origin = https://github.com/Staubgeborener/klipper-backup.git
install_script = install.sh
is_system_service = False
primary_branch = main

[update_manager octoeverywhere]
type = git_repo
channel = beta
path = /home/Klipper/octoeverywhere
origin = https://github.com/QuinnDamerell/OctoPrint-OctoEverywhere.git
env = /home/Klipper/octoeverywhere-env/bin/python
requirements = requirements.txt
install_script = install.sh
managed_services = 
	octoeverywhere

[announcements]
subscriptions = 
	octoeverywhere

#################################################################
All Configuration Files:
/home/Klipper/printer_data/config/moonraker.conf
/home/Klipper/printer_data/config/octoeverywhere-system.cfg
#################################################################
Unsafe Shutdown Count: 0

System Info:

***python***
  version: sys.version_info(major=3, minor=9, micro=2, releaselevel='final', serial=0)
  version_string: 3.9.2 (default, Mar 12 2021, 04:06:34)  [GCC 10.2.1 20210110]

***cpu_info***
  cpu_count: 4
  bits: 32bit
  processor: armv7l
  cpu_desc: ARMv7 Processor rev 4 (v7l)
  serial_number: 8dd196da
  hardware_desc: BCM2835
  model: Raspberry Pi 3 Model B Rev 1.2
  total_memory: 858832
  memory_units: kB

***sd_info***
  manufacturer_id: 1b
  manufacturer: Samsung
  oem_id: 534d
  product_name: GB1QT
  product_revision: 3.0
  serial_number: 482b61be
  manufacturer_date: 11/2017
  capacity: 29.8 GiB
  total_bytes: 32010928128

***distribution***
  name: Raspbian GNU/Linux 11 (bullseye)
  id: raspbian
  version: 11
  version_parts: {'major': '11', 'minor': '', 'build_number': ''}
  like: debian
  codename: bullseye
  release_info: {'name': 'MainsailOS', 'version_id': '1.2.1', 'codename': 'bullseye', 'id': 'mainsailos'}

***virtualization***
  virt_type: none
  virt_identifier: none

***network***

***canbus***

***Allowed Services***
  klipper_mcu
  webcamd
  MoonCord
  KlipperScreen
  moonraker-telegram-bot
  moonraker-obico
  sonar
  crowsnest
  octoeverywhere
  ratos-configurator

Systemd unit moonraker.service:
unit_name: moonraker.service
is_default: True
manager: systemd
Properties:
**Requires=['-.mount', 'network-online.target', 'sysinit.target', 'system.slice']
**After=['systemd-journald.socket', '-.mount', 'klipper.service', 'network-online.target', 'sysinit.target', 'basic.target', 'system.slice']
**SupplementaryGroups=['moonraker-admin']
**EnvironmentFiles=/home/Klipper/printer_data/systemd/moonraker.env
**ExecStart=/home/Klipper/moonraker-env/bin/python $MOONRAKER_ARGS
**WorkingDirectory=/home/Klipper/moonraker
**FragmentPath=/etc/systemd/system/moonraker.service
**Description=API Server for Klipper SV1
**User=Klipper

Systemd unit klipper.service:
unit_name: klipper.service
is_default: True
manager: systemd
Properties:
**Requires=['-.mount', 'sysinit.target', 'system.slice']
**After=['systemd-journald.socket', '-.mount', 'network-online.target', 'sysinit.target', 'basic.target', 'system.slice']
**SupplementaryGroups=[]
**EnvironmentFiles=/home/Klipper/printer_data/systemd/klipper.env
**ExecStart=/home/Klipper/klippy-env/bin/python $KLIPPER_ARGS
**WorkingDirectory=/home/Klipper/klipper
**FragmentPath=/etc/systemd/system/klipper.service
**Description=Klipper 3D Printer Firmware SV1
**User=Klipper
CPU Throttled Flags: ['Under-Voltage Detected', 'Currently Throttled', 'Previously Under-Volted', 'Previously Throttled']
Git Repo moonraker: Warnings detected:
  Repo has untracked source files: ['moonraker/components/timelapse.py']
Git Repo klipper: Warnings detected:
  Repo has untracked source files: ['klippy/extras/gcode_shell_command.py']
Git Repo mainsail: No warnings detected
Git Repo Klipper-Adaptive-Meshing-Purging: No warnings detected
Git Repo crowsnest: No warnings detected
Git Repo timelapse: No warnings detected
Git Repo octoeverywhere: No warnings detected
Klipper Version: v0.11.0-275-g8ef0f7d7-dirty
Git Repo klipper-backup: No warnings detected
2023-09-20 17:05:46,052 [authorization.py:_check_trusted_connection()] - Trusted Connection Detected, IP: 192.168.0.9
2023-09-20 17:05:46,054 [app.py:log_request()] - 101 GET /websocket (192.168.0.9) [_TRUSTED_USER_] 4.69ms
2023-09-20 17:05:46,055 [websockets.py:open()] - Websocket Opened: ID: 1718985464, Proxied: True, User Agent: Mozilla/5.0 (Windows NT 10.0; Win64; x64) AppleWebKit/537.36 (KHTML, like Gecko) Chrome/117.0.0.0 Safari/537.36, Host Name: 192.168.0.40
2023-09-20 17:05:46,344 [websockets.py:_handle_identify()] - Websocket 1718985464 Client Identified - Name: OctoEverywhere-BrowserAgent, Version: 1.0.0, Type: web
2023-09-20 17:05:46,786 [app.py:log_request()] - 101 GET /websocket (192.168.0.9) [_TRUSTED_USER_] 3.18ms
2023-09-20 17:05:46,786 [websockets.py:open()] - Websocket Opened: ID: 1718987576, Proxied: True, User Agent: Mozilla/5.0 (Windows NT 10.0; Win64; x64) AppleWebKit/537.36 (KHTML, like Gecko) Chrome/117.0.0.0 Safari/537.36, Host Name: 192.168.0.40
2023-09-20 17:05:46,836 [websockets.py:_handle_identify()] - Websocket 1718987576 Client Identified - Name: mainsail, Version: 2.5.1, Type: web
2023-09-20 17:08:32,585 [app.py:prepare()] - Upload Request Received from 192.168.0.9
2023-09-20 17:08:32,598 [app.py:post()] - Processing Uploaded File: printer.cfg
2023-09-20 17:08:32,617 [app.py:log_request()] - 201 POST /server/files/upload (192.168.0.9) [_TRUSTED_USER_] 35.65ms
2023-09-20 17:08:33,681 [klippy_connection.py:_on_connection_closed()] - Klippy Connection Removed
2023-09-20 17:08:33,691 [websockets.py:on_close()] - Websocket Closed: ID: 1719422904 Close Code: 1000, Close Reason: None, Pong Time Elapsed: 7.68
2023-09-20 17:08:34,946 [klippy_connection.py:_do_connect()] - Klippy Connection Established
2023-09-20 17:08:35,708 [authorization.py:_check_trusted_connection()] - Trusted Connection Detected, IP: 127.0.0.1
2023-09-20 17:08:35,710 [app.py:log_request()] - 101 GET /websocket (127.0.0.1) [_TRUSTED_USER_] 3.90ms
2023-09-20 17:08:35,711 [websockets.py:open()] - Websocket Opened: ID: 1719643488, Proxied: False, User Agent: , Host Name: 0.0.0.0
2023-09-20 17:08:35,719 [websockets.py:_handle_identify()] - Websocket 1719643488 Client Identified - Name: OctoEverywhere, Version: 2.7.10, Type: agent
2023-09-20 17:08:40,104 [klippy_connection.py:_request_initial_subscriptions()] - Webhooks Subscribed
2023-09-20 17:08:40,111 [klippy_connection.py:_request_initial_subscriptions()] - GCode Output Subscribed
2023-09-20 17:08:40,356 [job_state.py:_handle_started()] - Job state initialized: standby
2023-09-20 17:08:40,654 [klippy_connection.py:_check_ready()] - Klippy ready
2023-09-20 17:08:41,125 [data_store.py:_init_sensors()] - Configuring available sensors: ['heater_bed', 'extruder']
2023-09-20 17:11:20,426 [app.py:prepare()] - Upload Request Received from 192.168.0.9
2023-09-20 17:11:20,436 [app.py:post()] - Processing Uploaded File: printer.cfg
2023-09-20 17:11:20,452 [app.py:log_request()] - 201 POST /server/files/upload (192.168.0.9) [_TRUSTED_USER_] 28.55ms
2023-09-20 17:11:21,524 [klippy_connection.py:_on_connection_closed()] - Klippy Connection Removed
2023-09-20 17:11:21,536 [websockets.py:on_close()] - Websocket Closed: ID: 1719643488 Close Code: 1000, Close Reason: None, Pong Time Elapsed: 5.82
2023-09-20 17:11:22,791 [klippy_connection.py:_do_connect()] - Klippy Connection Established
2023-09-20 17:11:23,559 [app.py:log_request()] - 101 GET /websocket (127.0.0.1) [_TRUSTED_USER_] 7.20ms
2023-09-20 17:11:23,560 [websockets.py:open()] - Websocket Opened: ID: 1748533104, Proxied: False, User Agent: , Host Name: 0.0.0.0
2023-09-20 17:11:23,568 [websockets.py:_handle_identify()] - Websocket 1748533104 Client Identified - Name: OctoEverywhere, Version: 2.7.10, Type: agent
2023-09-20 17:11:27,859 [klippy_connection.py:_request_initial_subscriptions()] - Webhooks Subscribed
2023-09-20 17:11:27,863 [klippy_connection.py:_request_initial_subscriptions()] - GCode Output Subscribed
2023-09-20 17:11:28,111 [job_state.py:_handle_started()] - Job state initialized: standby
2023-09-20 17:11:28,419 [klippy_connection.py:_check_ready()] - Klippy ready
2023-09-20 17:11:28,890 [data_store.py:_init_sensors()] - Configuring available sensors: ['heater_bed', 'extruder']
2023-09-20 17:24:05,966 [websockets.py:on_close()] - Websocket Closed: ID: 1718987576 Close Code: None, Close Reason: None, Pong Time Elapsed: 9.08
2023-09-20 17:24:05,969 [websockets.py:on_close()] - Websocket Closed: ID: 1718985464 Close Code: None, Close Reason: None, Pong Time Elapsed: 9.91
2023-09-20 17:42:32,966 [app.py:log_request()] - 101 GET /websocket (192.168.0.9) [_TRUSTED_USER_] 6.61ms
2023-09-20 17:42:32,967 [websockets.py:open()] - Websocket Opened: ID: 1748508600, Proxied: True, User Agent: Mozilla/5.0 (Windows NT 10.0; Win64; x64) AppleWebKit/537.36 (KHTML, like Gecko) Chrome/117.0.0.0 Safari/537.36, Host Name: 192.168.0.40
2023-09-20 17:42:33,009 [app.py:log_request()] - 101 GET /websocket (192.168.0.9) [_TRUSTED_USER_] 8.33ms
2023-09-20 17:42:33,010 [websockets.py:open()] - Websocket Opened: ID: 1748537960, Proxied: True, User Agent: Mozilla/5.0 (Windows NT 10.0; Win64; x64) AppleWebKit/537.36 (KHTML, like Gecko) Chrome/117.0.0.0 Safari/537.36, Host Name: 192.168.0.40
2023-09-20 17:42:33,466 [websockets.py:_handle_identify()] - Websocket 1748508600 Client Identified - Name: OctoEverywhere-BrowserAgent, Version: 1.0.0, Type: web
2023-09-20 17:42:33,479 [websockets.py:_handle_identify()] - Websocket 1748537960 Client Identified - Name: mainsail, Version: 2.5.1, Type: web
2023-09-20 18:01:57,909 [app.py:prepare()] - Upload Request Received from 192.168.0.9
2023-09-20 18:01:57,920 [app.py:post()] - Processing Uploaded File: printer.cfg
2023-09-20 18:01:57,937 [app.py:log_request()] - 201 POST /server/files/upload (192.168.0.9) [_TRUSTED_USER_] 31.40ms
2023-09-20 18:01:58,994 [klippy_connection.py:_on_connection_closed()] - Klippy Connection Removed
2023-09-20 18:01:59,004 [websockets.py:on_close()] - Websocket Closed: ID: 1748533104 Close Code: 1000, Close Reason: None, Pong Time Elapsed: 5.44
2023-09-20 18:02:00,260 [klippy_connection.py:_do_connect()] - Klippy Connection Established
2023-09-20 18:02:01,023 [app.py:log_request()] - 101 GET /websocket (127.0.0.1) [_TRUSTED_USER_] 3.20ms
2023-09-20 18:02:01,024 [websockets.py:open()] - Websocket Opened: ID: 1719642144, Proxied: False, User Agent: , Host Name: 0.0.0.0
2023-09-20 18:02:01,032 [websockets.py:_handle_identify()] - Websocket 1719642144 Client Identified - Name: OctoEverywhere, Version: 2.7.10, Type: agent
2023-09-20 18:02:05,413 [klippy_connection.py:_request_initial_subscriptions()] - Webhooks Subscribed
2023-09-20 18:02:05,417 [klippy_connection.py:_request_initial_subscriptions()] - GCode Output Subscribed
2023-09-20 18:02:05,665 [job_state.py:_handle_started()] - Job state initialized: standby
2023-09-20 18:02:05,948 [klippy_connection.py:_check_ready()] - Klippy ready
2023-09-20 18:02:06,433 [data_store.py:_init_sensors()] - Configuring available sensors: ['heater_bed', 'extruder']
2023-09-20 18:19:55,733 [app.py:prepare()] - Upload Request Received from 192.168.0.9
2023-09-20 18:19:55,744 [app.py:post()] - Processing Uploaded File: printer.cfg
2023-09-20 18:19:55,765 [app.py:log_request()] - 201 POST /server/files/upload (192.168.0.9) [_TRUSTED_USER_] 36.06ms
2023-09-20 18:19:56,819 [klippy_connection.py:_on_connection_closed()] - Klippy Connection Removed
2023-09-20 18:19:56,829 [websockets.py:on_close()] - Websocket Closed: ID: 1719642144 Close Code: 1000, Close Reason: None, Pong Time Elapsed: 5.80
2023-09-20 18:19:58,087 [klippy_connection.py:_do_connect()] - Klippy Connection Established
2023-09-20 18:19:58,851 [app.py:log_request()] - 101 GET /websocket (127.0.0.1) [_TRUSTED_USER_] 3.48ms
2023-09-20 18:19:58,852 [websockets.py:open()] - Websocket Opened: ID: 1719642864, Proxied: False, User Agent: , Host Name: 0.0.0.0
2023-09-20 18:19:58,860 [websockets.py:_handle_identify()] - Websocket 1719642864 Client Identified - Name: OctoEverywhere, Version: 2.7.10, Type: agent
2023-09-20 18:20:03,147 [klippy_connection.py:_request_initial_subscriptions()] - Webhooks Subscribed
2023-09-20 18:20:03,151 [klippy_connection.py:_request_initial_subscriptions()] - GCode Output Subscribed
2023-09-20 18:20:03,398 [job_state.py:_handle_started()] - Job state initialized: standby
2023-09-20 18:20:03,677 [klippy_connection.py:_check_ready()] - Klippy ready
2023-09-20 18:20:04,174 [data_store.py:_init_sensors()] - Configuring available sensors: ['heater_bed', 'extruder']
2023-09-20 18:25:16,480 [websockets.py:on_close()] - Websocket Closed: ID: 1748537960 Close Code: None, Close Reason: None, Pong Time Elapsed: 3.46
2023-09-20 18:25:16,483 [websockets.py:on_close()] - Websocket Closed: ID: 1748508600 Close Code: None, Close Reason: None, Pong Time Elapsed: 3.51
2023-09-20 18:44:57,512 [app.py:log_request()] - 101 GET /websocket (192.168.0.9) [_TRUSTED_USER_] 5.88ms
2023-09-20 18:44:57,513 [websockets.py:open()] - Websocket Opened: ID: 1719642168, Proxied: True, User Agent: Mozilla/5.0 (Windows NT 10.0; Win64; x64) AppleWebKit/537.36 (KHTML, like Gecko) Chrome/117.0.0.0 Safari/537.36, Host Name: 192.168.0.40
2023-09-20 18:44:57,553 [app.py:log_request()] - 101 GET /websocket (192.168.0.9) [_TRUSTED_USER_] 4.70ms
2023-09-20 18:44:57,554 [websockets.py:open()] - Websocket Opened: ID: 1748537720, Proxied: True, User Agent: Mozilla/5.0 (Windows NT 10.0; Win64; x64) AppleWebKit/537.36 (KHTML, like Gecko) Chrome/117.0.0.0 Safari/537.36, Host Name: 192.168.0.40
2023-09-20 18:44:57,609 [websockets.py:_handle_identify()] - Websocket 1719642168 Client Identified - Name: OctoEverywhere-BrowserAgent, Version: 1.0.0, Type: web
2023-09-20 18:44:57,643 [websockets.py:_handle_identify()] - Websocket 1748537720 Client Identified - Name: mainsail, Version: 2.5.1, Type: web
2023-09-20 18:59:34,717 [app.py:prepare()] - Upload Request Received from 192.168.0.9
2023-09-20 18:59:34,730 [app.py:post()] - Processing Uploaded File: printer.cfg
2023-09-20 18:59:34,746 [app.py:log_request()] - 201 POST /server/files/upload (192.168.0.9) [_TRUSTED_USER_] 32.30ms
2023-09-20 18:59:35,804 [klippy_connection.py:_on_connection_closed()] - Klippy Connection Removed
2023-09-20 18:59:35,812 [websockets.py:on_close()] - Websocket Closed: ID: 1719642864 Close Code: 1000, Close Reason: None, Pong Time Elapsed: 6.96
2023-09-20 18:59:37,068 [klippy_connection.py:_do_connect()] - Klippy Connection Established
2023-09-20 18:59:37,833 [app.py:log_request()] - 101 GET /websocket (127.0.0.1) [_TRUSTED_USER_] 3.90ms
2023-09-20 18:59:37,833 [websockets.py:open()] - Websocket Opened: ID: 1748522104, Proxied: False, User Agent: , Host Name: 0.0.0.0
2023-09-20 18:59:37,842 [websockets.py:_handle_identify()] - Websocket 1748522104 Client Identified - Name: OctoEverywhere, Version: 2.7.10, Type: agent
2023-09-20 18:59:42,220 [klippy_connection.py:_request_initial_subscriptions()] - Webhooks Subscribed
2023-09-20 18:59:42,223 [klippy_connection.py:_request_initial_subscriptions()] - GCode Output Subscribed
2023-09-20 18:59:42,471 [job_state.py:_handle_started()] - Job state initialized: standby
2023-09-20 18:59:42,747 [klippy_connection.py:_check_ready()] - Klippy ready
2023-09-20 18:59:43,249 [data_store.py:_init_sensors()] - Configuring available sensors: ['heater_bed', 'extruder']
2023-09-20 19:01:44,119 [app.py:prepare()] - Upload Request Received from 192.168.0.9
2023-09-20 19:01:44,131 [app.py:post()] - Processing Uploaded File: printer.cfg
2023-09-20 19:01:44,151 [app.py:log_request()] - 201 POST /server/files/upload (192.168.0.9) [_TRUSTED_USER_] 35.93ms
2023-09-20 19:01:45,200 [klippy_connection.py:_on_connection_closed()] - Klippy Connection Removed
2023-09-20 19:01:45,210 [websockets.py:on_close()] - Websocket Closed: ID: 1748522104 Close Code: 1000, Close Reason: None, Pong Time Elapsed: 7.37
2023-09-20 19:01:46,464 [klippy_connection.py:_do_connect()] - Klippy Connection Established
2023-09-20 19:01:47,232 [app.py:log_request()] - 101 GET /websocket (127.0.0.1) [_TRUSTED_USER_] 3.32ms
2023-09-20 19:01:47,233 [websockets.py:open()] - Websocket Opened: ID: 1719552344, Proxied: False, User Agent: , Host Name: 0.0.0.0
2023-09-20 19:01:47,242 [websockets.py:_handle_identify()] - Websocket 1719552344 Client Identified - Name: OctoEverywhere, Version: 2.7.10, Type: agent
2023-09-20 19:01:51,539 [klippy_connection.py:_request_initial_subscriptions()] - Webhooks Subscribed
2023-09-20 19:01:51,543 [klippy_connection.py:_request_initial_subscriptions()] - GCode Output Subscribed
2023-09-20 19:01:51,789 [job_state.py:_handle_started()] - Job state initialized: standby
2023-09-20 19:01:52,065 [klippy_connection.py:_check_ready()] - Klippy ready
2023-09-20 19:01:52,567 [data_store.py:_init_sensors()] - Configuring available sensors: ['heater_bed', 'extruder']
2023-09-20 19:05:01,348 [websockets.py:on_close()] - Websocket Closed: ID: 1719552344 Close Code: None, Close Reason: None, Pong Time Elapsed: 4.11
2023-09-20 19:05:01,557 [server.py:_handle_term_signal()] - Exiting with signal SIGTERM
2023-09-20 19:05:01,665 [websockets.py:on_close()] - Websocket Closed: ID: 1719642168 Close Code: 1001, Close Reason: Server Shutdown, Pong Time Elapsed: 4.15
2023-09-20 19:05:01,668 [websockets.py:on_close()] - Websocket Closed: ID: 1748537720 Close Code: 1001, Close Reason: Server Shutdown, Pong Time Elapsed: 4.11
2023-09-20 19:05:01,676 [klippy_connection.py:_on_connection_closed()] - Klippy Connection Removed
2023-09-20 19:05:01,708 [database.py:close()] - Database statistics:

announcements:
psize: 4096
depth: 0
branch_pages: 0
leaf_pages: 0
overflow_pages: 0
entries: 0
authorized_users:
psize: 4096
depth: 1
branch_pages: 0
leaf_pages: 1
overflow_pages: 0
entries: 1
gcode_metadata:
psize: 4096
depth: 0
branch_pages: 0
leaf_pages: 0
overflow_pages: 0
entries: 0
history:
psize: 4096
depth: 0
branch_pages: 0
leaf_pages: 0
overflow_pages: 0
entries: 0
mainsail:
psize: 4096
depth: 1
branch_pages: 0
leaf_pages: 1
overflow_pages: 1
entries: 7
moonraker:
psize: 4096
depth: 1
branch_pages: 0
leaf_pages: 1
overflow_pages: 0
entries: 6
octoeverywhere:
psize: 4096
depth: 1
branch_pages: 0
leaf_pages: 1
overflow_pages: 0
entries: 1
update_manager:
psize: 4096
depth: 2
branch_pages: 1
leaf_pages: 3
overflow_pages: 0
entries: 9
webcams:
psize: 4096
depth: 1
branch_pages: 0
leaf_pages: 1
overflow_pages: 0
entries: 1
2023-09-20 19:05:02,403 [git_deploy.py:unset_current_instance()] - Git repo klipper-backup: Error removing instance, Error running shell command: 'git -C /home/Klipper/klipper-backup config --unset moonraker.instance 'moonraker@9638e94d128f4a4f834e0e3878c33e94''
2023-09-20 19:05:02,426 [server.py:main()] - Server Shutdown
-------------------- Log Start | Wed Sep 20 23:05:17 2023 --------------------
data_path: /home/Klipper/printer_data
is_default_data_path: False
config_file: /home/Klipper/printer_data/config/moonraker.conf
startup_warnings: []
verbose: False
debug: False
asyncio_debug: False
is_backup_config: False
is_python_package: False
instance_uuid: 9638e94d128f4a4f834e0e3878c33e94
unix_socket_path: /home/Klipper/printer_data/comms/moonraker.sock
software_version: v0.8.0-139-g3d9052d
git_branch: master
git_remote: origin
git_repo_url: https://github.com/Arksine/moonraker.git
modified_files: []
unofficial_components: []
log_file: /home/Klipper/printer_data/logs/moonraker.log
python_version: 3.9.2 (default, Mar 12 2021, 04:06:34)  [GCC 10.2.1 20210110]
2023-09-20 19:05:17,780 [confighelper.py:read_file()] - Configuration File '/home/Klipper/printer_data/config/moonraker.conf' parsed, total size: 2664 B
2023-09-20 19:05:17,782 [server.py:add_log_rollover_item()] - 
#################### Moonraker Configuration ####################

[server]
host = 0.0.0.0
port = 7125
klippy_uds_address = /home/Klipper/printer_data/comms/klippy.sock

[authorization]
trusted_clients = 
	10.0.0.0/16
	10.0.0.0/8
	127.0.0.0/8
	169.254.0.0/16
	172.16.0.0/12
	192.168.0.0/16
	FE80::/10
	::1/128
cors_domains = 
	http://*.lan
	http://*.local
	https://my.mainsail.xyz
	http://my.mainsail.xyz
	https://app.fluidd.xyz
	http://app.fluidd.xyz

[octoprint_compat]

[file_manager]
enable_object_processing = True

[history]

[update_manager]
channel = dev
refresh_interval = 168

[update_manager mainsail]
type = git_repo
primary_branch = master
path = ~/mainsail-config
origin = https://github.com/mainsail-crew/mainsail-config.git
managed_services = klipper

[update_manager Klipper-Adaptive-Meshing-Purging]
type = git_repo
channel = dev
path = ~/Klipper-Adaptive-Meshing-Purging
origin = https://github.com/kyleisah/Klipper-Adaptive-Meshing-Purging.git
managed_services = klipper
primary_branch = main

[update_manager crowsnest]
type = git_repo
path = ~/crowsnest
origin = https://github.com/mainsail-crew/crowsnest.git
install_script = tools/pkglist.sh

[update_manager timelapse]
type = git_repo
primary_branch = main
path = ~/moonraker-timelapse
origin = https://github.com/mainsail-crew/moonraker-timelapse.git
managed_services = klipper moonraker

[timelapse]

[update_manager client klipper-backup]
type = git_repo
path = ~/klipper-backup
origin = https://github.com/Staubgeborener/klipper-backup.git
install_script = install.sh
is_system_service = False
primary_branch = main

[update_manager octoeverywhere]
type = git_repo
channel = beta
path = /home/Klipper/octoeverywhere
origin = https://github.com/QuinnDamerell/OctoPrint-OctoEverywhere.git
env = /home/Klipper/octoeverywhere-env/bin/python
requirements = requirements.txt
install_script = install.sh
managed_services = 
	octoeverywhere

[announcements]
subscriptions = 
	octoeverywhere

#################################################################
All Configuration Files:
/home/Klipper/printer_data/config/moonraker.conf
/home/Klipper/printer_data/config/octoeverywhere-system.cfg
#################################################################
2023-09-20 19:05:17,863 [app.py:register_local_handler()] - Registering HTTP Endpoint: (POST) /server/logs/rollover
2023-09-20 19:05:17,864 [websockets.py:register_api_handler()] - Registering Websocket JSON-RPC methods: server.logs.rollover
2023-09-20 19:05:17,864 [app.py:register_local_handler()] - Registering HTTP Endpoint: (GET) /server/info
2023-09-20 19:05:17,865 [websockets.py:register_api_handler()] - Registering Websocket JSON-RPC methods: server.info
2023-09-20 19:05:17,865 [app.py:register_local_handler()] - Registering HTTP Endpoint: (GET) /server/config
2023-09-20 19:05:17,866 [websockets.py:register_api_handler()] - Registering Websocket JSON-RPC methods: server.config
2023-09-20 19:05:17,867 [app.py:register_local_handler()] - Registering HTTP Endpoint: (POST) /server/restart
2023-09-20 19:05:17,868 [websockets.py:register_api_handler()] - Registering Websocket JSON-RPC methods: server.restart
2023-09-20 19:05:18,279 [server.py:load_component()] - Component (dbus_manager) loaded
2023-09-20 19:05:18,379 [server.py:add_log_rollover_item()] - Unsafe Shutdown Count: 0
2023-09-20 19:05:18,541 [app.py:register_local_handler()] - Registering HTTP Endpoint: (GET) /server/database/list
2023-09-20 19:05:18,542 [websockets.py:register_api_handler()] - Registering Websocket JSON-RPC methods: server.database.list
2023-09-20 19:05:18,543 [app.py:register_local_handler()] - Registering HTTP Endpoint: (GET POST DELETE) /server/database/item
2023-09-20 19:05:18,544 [websockets.py:register_api_handler()] - Registering Websocket JSON-RPC methods: server.database.get_item, server.database.post_item, server.database.delete_item
2023-09-20 19:05:18,544 [server.py:load_component()] - Component (database) loaded
2023-09-20 19:05:18,634 [file_manager.py:__init__()] - Using File System Observer: inotify
2023-09-20 19:05:18,701 [app.py:register_local_handler()] - Registering HTTP Endpoint: (GET) /server/files/list
2023-09-20 19:05:18,702 [websockets.py:register_api_handler()] - Registering Websocket JSON-RPC methods: server.files.list
2023-09-20 19:05:18,702 [app.py:register_local_handler()] - Registering HTTP Endpoint: (GET) /server/files/metadata
2023-09-20 19:05:18,704 [websockets.py:register_api_handler()] - Registering Websocket JSON-RPC methods: server.files.metadata
2023-09-20 19:05:18,704 [app.py:register_local_handler()] - Registering HTTP Endpoint: (POST) /server/files/metascan
2023-09-20 19:05:18,705 [websockets.py:register_api_handler()] - Registering Websocket JSON-RPC methods: server.files.metascan
2023-09-20 19:05:18,705 [app.py:register_local_handler()] - Registering HTTP Endpoint: (GET) /server/files/thumbnails
2023-09-20 19:05:18,706 [websockets.py:register_api_handler()] - Registering Websocket JSON-RPC methods: server.files.thumbnails
2023-09-20 19:05:18,707 [app.py:register_local_handler()] - Registering HTTP Endpoint: (GET) /server/files/roots
2023-09-20 19:05:18,709 [websockets.py:register_api_handler()] - Registering Websocket JSON-RPC methods: server.files.roots
2023-09-20 19:05:18,711 [app.py:register_local_handler()] - Registering HTTP Endpoint: (GET POST DELETE) /server/files/directory
2023-09-20 19:05:18,712 [websockets.py:register_api_handler()] - Registering Websocket JSON-RPC methods: server.files.get_directory, server.files.post_directory, server.files.delete_directory
2023-09-20 19:05:18,713 [app.py:register_local_handler()] - Registering HTTP Endpoint: (POST) /server/files/move
2023-09-20 19:05:18,714 [websockets.py:register_api_handler()] - Registering Websocket JSON-RPC methods: server.files.move
2023-09-20 19:05:18,714 [app.py:register_local_handler()] - Registering HTTP Endpoint: (POST) /server/files/copy
2023-09-20 19:05:18,715 [websockets.py:register_api_handler()] - Registering Websocket JSON-RPC methods: server.files.copy
2023-09-20 19:05:18,715 [app.py:register_local_handler()] - Registering HTTP Endpoint: (POST) /server/files/zip
2023-09-20 19:05:18,717 [websockets.py:register_api_handler()] - Registering Websocket JSON-RPC methods: server.files.zip
2023-09-20 19:05:18,717 [websockets.py:register_api_handler()] - Registering Websocket JSON-RPC methods: server.files.delete_file
2023-09-20 19:05:18,740 [server.py:load_component()] - Component (file_manager) loaded
2023-09-20 19:05:18,760 [app.py:register_local_handler()] - Registering HTTP Endpoint: (POST) /printer/print/pause
2023-09-20 19:05:18,761 [websockets.py:register_api_handler()] - Registering Websocket JSON-RPC methods: printer.print.pause
2023-09-20 19:05:18,762 [app.py:register_local_handler()] - Registering HTTP Endpoint: (POST) /printer/print/resume
2023-09-20 19:05:18,764 [websockets.py:register_api_handler()] - Registering Websocket JSON-RPC methods: printer.print.resume
2023-09-20 19:05:18,764 [app.py:register_local_handler()] - Registering HTTP Endpoint: (POST) /printer/print/cancel
2023-09-20 19:05:18,767 [websockets.py:register_api_handler()] - Registering Websocket JSON-RPC methods: printer.print.cancel
2023-09-20 19:05:18,767 [app.py:register_local_handler()] - Registering HTTP Endpoint: (POST) /printer/print/start
2023-09-20 19:05:18,768 [websockets.py:register_api_handler()] - Registering Websocket JSON-RPC methods: printer.print.start
2023-09-20 19:05:18,768 [app.py:register_local_handler()] - Registering HTTP Endpoint: (POST) /printer/restart
2023-09-20 19:05:18,769 [websockets.py:register_api_handler()] - Registering Websocket JSON-RPC methods: printer.restart
2023-09-20 19:05:18,769 [app.py:register_local_handler()] - Registering HTTP Endpoint: (POST) /printer/firmware_restart
2023-09-20 19:05:18,771 [websockets.py:register_api_handler()] - Registering Websocket JSON-RPC methods: printer.firmware_restart
2023-09-20 19:05:18,772 [server.py:load_component()] - Component (klippy_apis) loaded
2023-09-20 19:05:19,217 [server.py:load_component()] - Component (secrets) loaded
2023-09-20 19:05:19,238 [server.py:load_component()] - Component (template) loaded
2023-09-20 19:05:19,477 [server.py:add_log_rollover_item()] - 
System Info:

***python***
  version: sys.version_info(major=3, minor=9, micro=2, releaselevel='final', serial=0)
  version_string: 3.9.2 (default, Mar 12 2021, 04:06:34)  [GCC 10.2.1 20210110]

***cpu_info***
  cpu_count: 4
  bits: 32bit
  processor: armv7l
  cpu_desc: ARMv7 Processor rev 4 (v7l)
  serial_number: 8dd196da
  hardware_desc: BCM2835
  model: Raspberry Pi 3 Model B Rev 1.2
  total_memory: 858832
  memory_units: kB

***sd_info***
  manufacturer_id: 1b
  manufacturer: Samsung
  oem_id: 534d
  product_name: GB1QT
  product_revision: 3.0
  serial_number: 482b61be
  manufacturer_date: 11/2017
  capacity: 29.8 GiB
  total_bytes: 32010928128

***distribution***
  name: Raspbian GNU/Linux 11 (bullseye)
  id: raspbian
  version: 11
  version_parts: {'major': '11', 'minor': '', 'build_number': ''}
  like: debian
  codename: bullseye
  release_info: {'name': 'MainsailOS', 'version_id': '1.2.1', 'codename': 'bullseye', 'id': 'mainsailos'}

***virtualization***
  virt_type: none
  virt_identifier: none

***network***

***canbus***

***Allowed Services***
  klipper_mcu
  webcamd
  MoonCord
  KlipperScreen
  moonraker-telegram-bot
  moonraker-obico
  sonar
  crowsnest
  octoeverywhere
  ratos-configurator
2023-09-20 19:05:19,490 [server.py:load_component()] - Component (shell_command) loaded
2023-09-20 19:05:19,491 [machine.py:__init__()] - Using System Provider: systemd_dbus
2023-09-20 19:05:19,492 [app.py:register_local_handler()] - Registering HTTP Endpoint: (POST) /machine/reboot
2023-09-20 19:05:19,494 [websockets.py:register_api_handler()] - Registering Websocket JSON-RPC methods: machine.reboot
2023-09-20 19:05:19,494 [app.py:register_local_handler()] - Registering HTTP Endpoint: (POST) /machine/shutdown
2023-09-20 19:05:19,495 [websockets.py:register_api_handler()] - Registering Websocket JSON-RPC methods: machine.shutdown
2023-09-20 19:05:19,495 [app.py:register_local_handler()] - Registering HTTP Endpoint: (POST) /machine/services/restart
2023-09-20 19:05:19,497 [websockets.py:register_api_handler()] - Registering Websocket JSON-RPC methods: machine.services.restart
2023-09-20 19:05:19,497 [app.py:register_local_handler()] - Registering HTTP Endpoint: (POST) /machine/services/stop
2023-09-20 19:05:19,498 [websockets.py:register_api_handler()] - Registering Websocket JSON-RPC methods: machine.services.stop
2023-09-20 19:05:19,499 [app.py:register_local_handler()] - Registering HTTP Endpoint: (POST) /machine/services/start
2023-09-20 19:05:19,500 [websockets.py:register_api_handler()] - Registering Websocket JSON-RPC methods: machine.services.start
2023-09-20 19:05:19,500 [app.py:register_local_handler()] - Registering HTTP Endpoint: (GET) /machine/system_info
2023-09-20 19:05:19,502 [websockets.py:register_api_handler()] - Registering Websocket JSON-RPC methods: machine.system_info
2023-09-20 19:05:19,502 [app.py:register_local_handler()] - Registering HTTP Endpoint: (GET) /machine/sudo/info
2023-09-20 19:05:19,503 [websockets.py:register_api_handler()] - Registering Websocket JSON-RPC methods: machine.sudo.info
2023-09-20 19:05:19,504 [app.py:register_local_handler()] - Registering HTTP Endpoint: (POST) /machine/sudo/password
2023-09-20 19:05:19,505 [websockets.py:register_api_handler()] - Registering Websocket JSON-RPC methods: machine.sudo.password
2023-09-20 19:05:19,507 [server.py:load_component()] - Component (machine) loaded
2023-09-20 19:05:19,517 [app.py:register_local_handler()] - Registering HTTP Endpoint: (GET) /server/temperature_store
2023-09-20 19:05:19,519 [websockets.py:register_api_handler()] - Registering Websocket JSON-RPC methods: server.temperature_store
2023-09-20 19:05:19,519 [app.py:register_local_handler()] - Registering HTTP Endpoint: (GET) /server/gcode_store
2023-09-20 19:05:19,520 [websockets.py:register_api_handler()] - Registering Websocket JSON-RPC methods: server.gcode_store
2023-09-20 19:05:19,520 [server.py:load_component()] - Component (data_store) loaded
2023-09-20 19:05:19,526 [proc_stats.py:__init__()] - Detected 'vcgencmd', throttle checking enabled
2023-09-20 19:05:19,527 [app.py:register_local_handler()] - Registering HTTP Endpoint: (GET) /machine/proc_stats
2023-09-20 19:05:19,528 [websockets.py:register_api_handler()] - Registering Websocket JSON-RPC methods: machine.proc_stats
2023-09-20 19:05:19,529 [server.py:load_component()] - Component (proc_stats) loaded
2023-09-20 19:05:19,537 [server.py:load_component()] - Component (job_state) loaded
2023-09-20 19:05:19,552 [app.py:register_local_handler()] - Registering HTTP Endpoint: (POST DELETE) /server/job_queue/job
2023-09-20 19:05:19,553 [websockets.py:register_api_handler()] - Registering Websocket JSON-RPC methods: server.job_queue.post_job, server.job_queue.delete_job
2023-09-20 19:05:19,553 [app.py:register_local_handler()] - Registering HTTP Endpoint: (POST) /server/job_queue/pause
2023-09-20 19:05:19,555 [websockets.py:register_api_handler()] - Registering Websocket JSON-RPC methods: server.job_queue.pause
2023-09-20 19:05:19,555 [app.py:register_local_handler()] - Registering HTTP Endpoint: (POST) /server/job_queue/start
2023-09-20 19:05:19,556 [websockets.py:register_api_handler()] - Registering Websocket JSON-RPC methods: server.job_queue.start
2023-09-20 19:05:19,556 [app.py:register_local_handler()] - Registering HTTP Endpoint: (GET) /server/job_queue/status
2023-09-20 19:05:19,557 [websockets.py:register_api_handler()] - Registering Websocket JSON-RPC methods: server.job_queue.status
2023-09-20 19:05:19,558 [app.py:register_local_handler()] - Registering HTTP Endpoint: (POST) /server/job_queue/jump
2023-09-20 19:05:19,559 [websockets.py:register_api_handler()] - Registering Websocket JSON-RPC methods: server.job_queue.jump
2023-09-20 19:05:19,559 [server.py:load_component()] - Component (job_queue) loaded
2023-09-20 19:05:19,621 [server.py:load_component()] - Component (http_client) loaded
2023-09-20 19:05:19,634 [app.py:register_local_handler()] - Registering HTTP Endpoint: (GET) /server/announcements/list
2023-09-20 19:05:19,635 [websockets.py:register_api_handler()] - Registering Websocket JSON-RPC methods: server.announcements.list
2023-09-20 19:05:19,636 [app.py:register_local_handler()] - Registering HTTP Endpoint: (POST) /server/announcements/dismiss
2023-09-20 19:05:19,637 [websockets.py:register_api_handler()] - Registering Websocket JSON-RPC methods: server.announcements.dismiss
2023-09-20 19:05:19,637 [app.py:register_local_handler()] - Registering HTTP Endpoint: (POST) /server/announcements/update
2023-09-20 19:05:19,638 [websockets.py:register_api_handler()] - Registering Websocket JSON-RPC methods: server.announcements.update
2023-09-20 19:05:19,638 [app.py:register_local_handler()] - Registering HTTP Endpoint: (POST DELETE) /server/announcements/feed
2023-09-20 19:05:19,639 [websockets.py:register_api_handler()] - Registering Websocket JSON-RPC methods: server.announcements.post_feed, server.announcements.delete_feed
2023-09-20 19:05:19,639 [app.py:register_local_handler()] - Registering HTTP Endpoint: (GET) /server/announcements/feeds
2023-09-20 19:05:19,643 [websockets.py:register_api_handler()] - Registering Websocket JSON-RPC methods: server.announcements.feeds
2023-09-20 19:05:19,643 [server.py:load_component()] - Component (announcements) loaded
2023-09-20 19:05:19,650 [app.py:register_local_handler()] - Registering HTTP Endpoint: (GET) /server/webcams/list
2023-09-20 19:05:19,651 [websockets.py:register_api_handler()] - Registering Websocket JSON-RPC methods: server.webcams.list
2023-09-20 19:05:19,651 [app.py:register_local_handler()] - Registering HTTP Endpoint: (GET POST DELETE) /server/webcams/item
2023-09-20 19:05:19,652 [websockets.py:register_api_handler()] - Registering Websocket JSON-RPC methods: server.webcams.get_item, server.webcams.post_item, server.webcams.delete_item
2023-09-20 19:05:19,652 [app.py:register_local_handler()] - Registering HTTP Endpoint: (POST) /server/webcams/test
2023-09-20 19:05:19,653 [websockets.py:register_api_handler()] - Registering Websocket JSON-RPC methods: server.webcams.test
2023-09-20 19:05:19,653 [server.py:load_component()] - Component (webcam) loaded
2023-09-20 19:05:19,671 [websockets.py:register_api_handler()] - Registering Websocket JSON-RPC methods: connection.send_event
2023-09-20 19:05:19,672 [app.py:register_local_handler()] - Registering HTTP Endpoint: (GET) /server/extensions/list
2023-09-20 19:05:19,673 [websockets.py:register_api_handler()] - Registering Websocket JSON-RPC methods: server.extensions.list
2023-09-20 19:05:19,673 [app.py:register_local_handler()] - Registering HTTP Endpoint: (POST) /server/extensions/request
2023-09-20 19:05:19,674 [websockets.py:register_api_handler()] - Registering Websocket JSON-RPC methods: server.extensions.request
2023-09-20 19:05:19,674 [server.py:load_component()] - Component (extensions) loaded
2023-09-20 19:05:19,688 [app.py:register_local_handler()] - Registering HTTP Endpoint: (GET DELETE) /server/history/job
2023-09-20 19:05:19,689 [websockets.py:register_api_handler()] - Registering Websocket JSON-RPC methods: server.history.get_job, server.history.delete_job
2023-09-20 19:05:19,690 [app.py:register_local_handler()] - Registering HTTP Endpoint: (GET) /server/history/list
2023-09-20 19:05:19,690 [websockets.py:register_api_handler()] - Registering Websocket JSON-RPC methods: server.history.list
2023-09-20 19:05:19,691 [app.py:register_local_handler()] - Registering HTTP Endpoint: (GET) /server/history/totals
2023-09-20 19:05:19,692 [websockets.py:register_api_handler()] - Registering Websocket JSON-RPC methods: server.history.totals
2023-09-20 19:05:19,692 [app.py:register_local_handler()] - Registering HTTP Endpoint: (POST) /server/history/reset_totals
2023-09-20 19:05:19,693 [websockets.py:register_api_handler()] - Registering Websocket JSON-RPC methods: server.history.reset_totals
2023-09-20 19:05:19,695 [server.py:load_component()] - Component (history) loaded
2023-09-20 19:05:19,805 [authorization.py:__init__()] - Authorization Configuration Loaded
Trusted Clients:
10.0.0.0/16
10.0.0.0/8
127.0.0.0/8
169.254.0.0/16
172.16.0.0/12
192.168.0.0/16
fe80::/10
::1/128
CORS Domains:
http://.*\.lan
http://.*\.local
https://my\.mainsail\.xyz
http://my\.mainsail\.xyz
https://app\.fluidd\.xyz
http://app\.fluidd\.xyz
2023-09-20 19:05:19,805 [app.py:register_local_handler()] - Registering HTTP Endpoint: (POST) /access/login
2023-09-20 19:05:19,806 [websockets.py:register_api_handler()] - Registering Websocket JSON-RPC methods: access.login
2023-09-20 19:05:19,806 [app.py:register_local_handler()] - Registering HTTP Endpoint: (POST) /access/logout
2023-09-20 19:05:19,807 [websockets.py:register_api_handler()] - Registering Websocket JSON-RPC methods: access.logout
2023-09-20 19:05:19,807 [app.py:register_local_handler()] - Registering HTTP Endpoint: (POST) /access/refresh_jwt
2023-09-20 19:05:19,808 [websockets.py:register_api_handler()] - Registering Websocket JSON-RPC methods: access.refresh_jwt
2023-09-20 19:05:19,814 [app.py:register_local_handler()] - Registering HTTP Endpoint: (GET POST DELETE) /access/user
2023-09-20 19:05:19,815 [websockets.py:register_api_handler()] - Registering Websocket JSON-RPC methods: access.get_user, access.post_user, access.delete_user
2023-09-20 19:05:19,815 [app.py:register_local_handler()] - Registering HTTP Endpoint: (GET) /access/users/list
2023-09-20 19:05:19,816 [websockets.py:register_api_handler()] - Registering Websocket JSON-RPC methods: access.users.list
2023-09-20 19:05:19,816 [app.py:register_local_handler()] - Registering HTTP Endpoint: (POST) /access/user/password
2023-09-20 19:05:19,817 [websockets.py:register_api_handler()] - Registering Websocket JSON-RPC methods: access.user.password
2023-09-20 19:05:19,818 [app.py:register_local_handler()] - Registering HTTP Endpoint: (GET POST) /access/api_key
2023-09-20 19:05:19,818 [websockets.py:register_api_handler()] - Registering Websocket JSON-RPC methods: access.get_api_key, access.post_api_key
2023-09-20 19:05:19,818 [app.py:register_local_handler()] - Registering HTTP Endpoint: (GET) /access/oneshot_token
2023-09-20 19:05:19,820 [websockets.py:register_api_handler()] - Registering Websocket JSON-RPC methods: access.oneshot_token
2023-09-20 19:05:19,820 [app.py:register_local_handler()] - Registering HTTP Endpoint: (GET) /access/info
2023-09-20 19:05:19,821 [websockets.py:register_api_handler()] - Registering Websocket JSON-RPC methods: access.info
2023-09-20 19:05:19,821 [server.py:load_component()] - Component (authorization) loaded
2023-09-20 19:05:19,856 [app.py:register_local_handler()] - Registering HTTP Endpoint: (POST) /machine/timelapse/render
2023-09-20 19:05:19,857 [websockets.py:register_api_handler()] - Registering Websocket JSON-RPC methods: machine.timelapse.render
2023-09-20 19:05:19,858 [app.py:register_local_handler()] - Registering HTTP Endpoint: (POST) /machine/timelapse/saveframes
2023-09-20 19:05:19,859 [websockets.py:register_api_handler()] - Registering Websocket JSON-RPC methods: machine.timelapse.saveframes
2023-09-20 19:05:19,859 [app.py:register_local_handler()] - Registering HTTP Endpoint: (GET POST) /machine/timelapse/settings
2023-09-20 19:05:19,860 [websockets.py:register_api_handler()] - Registering Websocket JSON-RPC methods: machine.timelapse.get_settings, machine.timelapse.post_settings
2023-09-20 19:05:19,861 [app.py:register_local_handler()] - Registering HTTP Endpoint: (GET) /machine/timelapse/lastframeinfo
2023-09-20 19:05:19,862 [websockets.py:register_api_handler()] - Registering Websocket JSON-RPC methods: machine.timelapse.lastframeinfo
2023-09-20 19:05:19,862 [server.py:load_component()] - Component (timelapse) loaded
2023-09-20 19:05:20,099 [base_deploy.py:log_info()] - Git Repo moonraker: Detected virtualenv: /home/Klipper/moonraker-env
2023-09-20 19:05:20,106 [base_deploy.py:log_info()] - Git Repo klipper: Detected virtualenv: /home/Klipper/klippy-env
2023-09-20 19:05:20,181 [base_deploy.py:log_info()] - Git Repo octoeverywhere: Option 'env' is deprecated, use 'virtualenv' instead.
2023-09-20 19:05:20,184 [base_deploy.py:log_info()] - Git Repo octoeverywhere: Detected virtualenv: /home/Klipper/octoeverywhere-env
2023-09-20 19:05:20,187 [app.py:register_local_handler()] - Registering HTTP Endpoint: (POST) /machine/update/moonraker
2023-09-20 19:05:20,188 [websockets.py:register_api_handler()] - Registering Websocket JSON-RPC methods: machine.update.moonraker
2023-09-20 19:05:20,189 [app.py:register_local_handler()] - Registering HTTP Endpoint: (POST) /machine/update/klipper
2023-09-20 19:05:20,190 [websockets.py:register_api_handler()] - Registering Websocket JSON-RPC methods: machine.update.klipper
2023-09-20 19:05:20,190 [app.py:register_local_handler()] - Registering HTTP Endpoint: (POST) /machine/update/system
2023-09-20 19:05:20,191 [websockets.py:register_api_handler()] - Registering Websocket JSON-RPC methods: machine.update.system
2023-09-20 19:05:20,191 [app.py:register_local_handler()] - Registering HTTP Endpoint: (POST) /machine/update/client
2023-09-20 19:05:20,192 [websockets.py:register_api_handler()] - Registering Websocket JSON-RPC methods: machine.update.client
2023-09-20 19:05:20,192 [app.py:register_local_handler()] - Registering HTTP Endpoint: (POST) /machine/update/full
2023-09-20 19:05:20,193 [websockets.py:register_api_handler()] - Registering Websocket JSON-RPC methods: machine.update.full
2023-09-20 19:05:20,194 [app.py:register_local_handler()] - Registering HTTP Endpoint: (GET) /machine/update/status
2023-09-20 19:05:20,195 [websockets.py:register_api_handler()] - Registering Websocket JSON-RPC methods: machine.update.status
2023-09-20 19:05:20,195 [app.py:register_local_handler()] - Registering HTTP Endpoint: (POST) /machine/update/refresh
2023-09-20 19:05:20,196 [websockets.py:register_api_handler()] - Registering Websocket JSON-RPC methods: machine.update.refresh
2023-09-20 19:05:20,197 [app.py:register_local_handler()] - Registering HTTP Endpoint: (POST) /machine/update/recover
2023-09-20 19:05:20,197 [websockets.py:register_api_handler()] - Registering Websocket JSON-RPC methods: machine.update.recover
2023-09-20 19:05:20,198 [app.py:register_local_handler()] - Registering HTTP Endpoint: (POST) /machine/update/rollback
2023-09-20 19:05:20,200 [websockets.py:register_api_handler()] - Registering Websocket JSON-RPC methods: machine.update.rollback
2023-09-20 19:05:20,200 [server.py:load_component()] - Component (update_manager) loaded
2023-09-20 19:05:20,209 [app.py:register_local_handler()] - Registering HTTP Endpoint: (GET) /api/version
2023-09-20 19:05:20,210 [app.py:register_local_handler()] - Registering HTTP Endpoint: (GET) /api/server
2023-09-20 19:05:20,210 [app.py:register_local_handler()] - Registering HTTP Endpoint: (POST) /api/login
2023-09-20 19:05:20,211 [app.py:register_local_handler()] - Registering HTTP Endpoint: (GET) /api/currentuser
2023-09-20 19:05:20,212 [app.py:register_local_handler()] - Registering HTTP Endpoint: (GET) /api/settings
2023-09-20 19:05:20,213 [app.py:register_local_handler()] - Registering HTTP Endpoint: (GET) /api/job
2023-09-20 19:05:20,213 [app.py:register_local_handler()] - Registering HTTP Endpoint: (GET) /api/printer
2023-09-20 19:05:20,214 [app.py:register_local_handler()] - Registering HTTP Endpoint: (POST) /api/printer/command
2023-09-20 19:05:20,217 [app.py:register_local_handler()] - Registering HTTP Endpoint: (GET) /api/printerprofiles
2023-09-20 19:05:20,218 [app.py:register_local_handler()] - Registering HTTP Endpoint: (POST) /api/files/moonraker/(?P<relative_path>.+)
2023-09-20 19:05:20,220 [server.py:load_component()] - Component (octoprint_compat) loaded
2023-09-20 19:05:20,243 [server.py:_initialize_component()] - Performing Component Post Init: [dbus_manager]
2023-09-20 19:05:20,284 [server.py:_initialize_component()] - Performing Component Post Init: [file_manager]
2023-09-20 19:05:20,294 [server.py:_initialize_component()] - Performing Component Post Init: [machine]
2023-09-20 19:05:20,295 [machine.py:validation_init()] - Installation version in database up to date
2023-09-20 19:05:21,008 [machine.py:check_virt_status()] - No Virtualization Detected
2023-09-20 19:05:21,026 [machine.py:_find_public_ip()] - Detected Local IP: 192.168.0.40
2023-09-20 19:05:21,029 [webcam.py:_set_default_host_ip()] - Default public webcam address set: http://192.168.0.40
2023-09-20 19:05:21,147 [server.py:add_log_rollover_item()] - 
Systemd unit moonraker.service:
unit_name: moonraker.service
is_default: True
manager: systemd
Properties:
**Requires=['sysinit.target', 'network-online.target', 'system.slice', '-.mount']
**After=['sysinit.target', 'klipper.service', 'basic.target', 'network-online.target', 'systemd-journald.socket', 'system.slice', '-.mount']
**SupplementaryGroups=['moonraker-admin']
**EnvironmentFiles=/home/Klipper/printer_data/systemd/moonraker.env
**ExecStart=/home/Klipper/moonraker-env/bin/python $MOONRAKER_ARGS
**WorkingDirectory=/home/Klipper/moonraker
**FragmentPath=/etc/systemd/system/moonraker.service
**Description=API Server for Klipper SV1
**User=Klipper
2023-09-20 19:05:21,147 [server.py:_initialize_component()] - Performing Component Post Init: [proc_stats]
2023-09-20 19:05:21,147 [server.py:_initialize_component()] - Performing Component Post Init: [announcements]
2023-09-20 19:05:21,151 [server.py:_initialize_component()] - Performing Component Post Init: [webcam]
2023-09-20 19:05:21,151 [webcam.py:_set_default_host_ip()] - Default public webcam address set: http://192.168.0.40
2023-09-20 19:05:21,153 [server.py:_initialize_component()] - Performing Component Post Init: [klippy_connection]
2023-09-20 19:05:21,154 [server.py:add_log_rollover_item()] - 
Systemd unit klipper.service:
unit_name: klipper.service
is_default: True
manager: systemd
Properties:
**Requires=['-.mount', 'sysinit.target', 'system.slice']
**After=['systemd-journald.socket', '-.mount', 'network-online.target', 'sysinit.target', 'basic.target', 'system.slice']
**SupplementaryGroups=[]
**EnvironmentFiles=/home/Klipper/printer_data/systemd/klipper.env
**ExecStart=/home/Klipper/klippy-env/bin/python $KLIPPER_ARGS
**WorkingDirectory=/home/Klipper/klipper
**FragmentPath=/etc/systemd/system/klipper.service
**Description=Klipper 3D Printer Firmware SV1
**User=Klipper
2023-09-20 19:05:21,154 [server.py:_initialize_component()] - Performing Component Post Init: [authorization]
2023-09-20 19:05:21,154 [server.py:_initialize_component()] - Performing Component Post Init: [timelapse]
2023-09-20 19:05:21,155 [timelapse.py:parseWebcamConfig()] - snapshoturl: http://localhost/webcam/?action=snapshot, Flip V/H: False/False, rotation: 0
2023-09-20 19:05:21,155 [server.py:_initialize_component()] - Performing Component Post Init: [update_manager]
2023-09-20 19:05:21,784 [base_deploy.py:log_info()] - PackageDeploy: PackageKit Provider Configured
2023-09-20 19:05:21,785 [base_deploy.py:log_info()] - Git Repo moonraker: Stored pip version: 20.3.4
2023-09-20 19:05:22,324 [git_deploy.py:log_repo_info()] - Git Repo moonraker Detected:
Owner: Arksine
Repository Name: moonraker
Path: /home/Klipper/moonraker
Remote: origin
Branch: master
Remote URL: https://github.com/Arksine/moonraker.git
Recovery URL: https://github.com/Arksine/moonraker.git
Current Commit SHA: 3d9052d711464cb5ea81cde99769c8f1fd7d3f8d
Upstream Commit SHA: 3d9052d711464cb5ea81cde99769c8f1fd7d3f8d
Current Version: v0.8.0-139-g3d9052d7
Upstream Version: v0.8.0-139-g3d9052d7
Rollback Commit: 3d9052d711464cb5ea81cde99769c8f1fd7d3f8d
Rollback Branch: master
Rollback Version: v0.8.0-139-g3d9052d
Is Dirty: False
Is Detached: False
Is Shallow: False
Commits Behind Count: 0
Diverged: False
Repo Warnings:
  Repo has untracked source files: ['moonraker/components/timelapse.py']
2023-09-20 19:05:22,865 [git_deploy.py:log_repo_info()] - Git Repo klipper Detected:
Owner: Klipper3d
Repository Name: klipper
Path: /home/Klipper/klipper
Remote: origin
Branch: master
Remote URL: https://github.com/Klipper3d/klipper.git
Recovery URL: https://github.com/Klipper3d/klipper.git
Current Commit SHA: 8ef0f7d7e3d3b2ac7bc1e80ed3295ceca6bba4e7
Upstream Commit SHA: 8ef0f7d7e3d3b2ac7bc1e80ed3295ceca6bba4e7
Current Version: v0.11.0-275-g8ef0f7d7
Upstream Version: v0.11.0-275-g8ef0f7d7
Rollback Commit: 8ef0f7d7e3d3b2ac7bc1e80ed3295ceca6bba4e7
Rollback Branch: master
Rollback Version: v0.11.0-275-g8ef0f7d7
Is Dirty: False
Is Detached: False
Is Shallow: False
Commits Behind Count: 0
Diverged: False
Repo Warnings:
  Repo has untracked source files: ['klippy/extras/gcode_shell_command.py']
2023-09-20 19:05:23,426 [git_deploy.py:log_repo_info()] - Git Repo mainsail Detected:
Owner: mainsail-crew
Repository Name: mainsail-config
Path: /home/Klipper/mainsail-config
Remote: origin
Branch: master
Remote URL: https://github.com/mainsail-crew/mainsail-config.git
Recovery URL: https://github.com/mainsail-crew/mainsail-config.git
Current Commit SHA: c64d3af97a277ffdf607a398cc838991bcda069b
Upstream Commit SHA: c64d3af97a277ffdf607a398cc838991bcda069b
Current Version: v1.0.0-16-gc64d3af
Upstream Version: v1.0.0-16
Rollback Commit: c64d3af97a277ffdf607a398cc838991bcda069b
Rollback Branch: master
Rollback Version: v1.0.0-16-gc64d3af
Is Dirty: False
Is Detached: False
Is Shallow: False
Commits Behind Count: 0
Diverged: False
2023-09-20 19:05:23,998 [git_deploy.py:log_repo_info()] - Git Repo Klipper-Adaptive-Meshing-Purging Detected:
Owner: kyleisah
Repository Name: Klipper-Adaptive-Meshing-Purging
Path: /home/Klipper/Klipper-Adaptive-Meshing-Purging
Remote: origin
Branch: main
Remote URL: https://github.com/kyleisah/Klipper-Adaptive-Meshing-Purging.git
Recovery URL: https://github.com/kyleisah/Klipper-Adaptive-Meshing-Purging.git
Current Commit SHA: c7b4b45ecb6b4f1b9b1f16dd5f7f425b9198a6f3
Upstream Commit SHA: c7b4b45ecb6b4f1b9b1f16dd5f7f425b9198a6f3
Current Version: v1.1.2-3-gc7b4b45
Upstream Version: v1.1.2-3
Rollback Commit: c7b4b45ecb6b4f1b9b1f16dd5f7f425b9198a6f3
Rollback Branch: main
Rollback Version: v1.1.2-3-gc7b4b45
Is Dirty: False
Is Detached: False
Is Shallow: False
Commits Behind Count: 0
Diverged: False
2023-09-20 19:05:24,539 [git_deploy.py:log_repo_info()] - Git Repo crowsnest Detected:
Owner: mainsail-crew
Repository Name: crowsnest
Path: /home/Klipper/crowsnest
Remote: origin
Branch: master
Remote URL: https://github.com/mainsail-crew/crowsnest.git
Recovery URL: https://github.com/mainsail-crew/crowsnest.git
Current Commit SHA: 767c53aaf0aaf3b803e36d5e506230f0e79c8a04
Upstream Commit SHA: 767c53aaf0aaf3b803e36d5e506230f0e79c8a04
Current Version: v4.0.4-6-g767c53aa
Upstream Version: v4.0.4-6-g767c53aa
Rollback Commit: 767c53aaf0aaf3b803e36d5e506230f0e79c8a04
Rollback Branch: master
Rollback Version: v4.0.4-6-g767c53a
Is Dirty: False
Is Detached: False
Is Shallow: False
Commits Behind Count: 0
Diverged: False
2023-09-20 19:05:25,098 [git_deploy.py:log_repo_info()] - Git Repo timelapse Detected:
Owner: mainsail-crew
Repository Name: moonraker-timelapse
Path: /home/Klipper/moonraker-timelapse
Remote: origin
Branch: main
Remote URL: https://github.com/mainsail-crew/moonraker-timelapse.git
Recovery URL: https://github.com/mainsail-crew/moonraker-timelapse.git
Current Commit SHA: 57bec0dec80e5058eda13cd3586bc2bda0632900
Upstream Commit SHA: 57bec0dec80e5058eda13cd3586bc2bda0632900
Current Version: v0.0.1-142-g57bec0d
Upstream Version: v0.0.1-142
Rollback Commit: 57bec0dec80e5058eda13cd3586bc2bda0632900
Rollback Branch: main
Rollback Version: v0.0.1-142-g57bec0d
Is Dirty: False
Is Detached: False
Is Shallow: False
Commits Behind Count: 0
Diverged: False
2023-09-20 19:05:25,667 [git_deploy.py:log_repo_info()] - Git Repo klipper-backup Detected:
Owner: Staubgeborener
Repository Name: klipper-backup
Path: /home/Klipper/klipper-backup
Remote: origin
Branch: main
Remote URL: https://github.com/Staubgeborener/klipper-backup
Recovery URL: https://github.com/Staubgeborener/klipper-backup
Current Commit SHA: a591ae31753faea30ecd30fb4deec4fa8d82115c
Upstream Commit SHA: a591ae31753faea30ecd30fb4deec4fa8d82115c
Current Version: 0.3.5-0-ga591ae31
Upstream Version: 0.3.5-0-ga591ae31
Rollback Commit: a591ae31753faea30ecd30fb4deec4fa8d82115c
Rollback Branch: main
Rollback Version: 0.3.5-0-ga591ae31-dirty
Is Dirty: False
Is Detached: False
Is Shallow: False
Commits Behind Count: 0
Diverged: False
2023-09-20 19:05:26,224 [git_deploy.py:log_repo_info()] - Git Repo octoeverywhere Detected:
Owner: QuinnDamerell
Repository Name: OctoPrint-OctoEverywhere
Path: /home/Klipper/octoeverywhere
Remote: origin
Branch: master
Remote URL: https://github.com/QuinnDamerell/OctoPrint-OctoEverywhere.git
Recovery URL: https://github.com/QuinnDamerell/OctoPrint-OctoEverywhere.git
Current Commit SHA: 6db5afe2b374e4b0b70884e0d06a4b7a86e1965f
Upstream Commit SHA: 6db5afe2b374e4b0b70884e0d06a4b7a86e1965f
Current Version: 2.7.8-7-g6db5afe
Upstream Version: 2.7.8
Rollback Commit: 6db5afe2b374e4b0b70884e0d06a4b7a86e1965f
Rollback Branch: master
Rollback Version: 2.7.8-7-g6db5afe
Is Dirty: False
Is Detached: False
Is Shallow: False
Commits Behind Count: 0
Diverged: False
2023-09-20 19:05:26,225 [base_deploy.py:log_info()] - PackageKit: Next refresh in: 3 Days, 22 Hours, 34 Minutes, 22 Seconds
2023-09-20 19:05:26,225 [base_deploy.py:log_info()] - Git Repo moonraker: Next refresh in: 3 Days, 23 Hours, 3 Minutes, 49 Seconds
2023-09-20 19:05:26,226 [base_deploy.py:log_info()] - Git Repo klipper: Next refresh in: 3 Days, 23 Hours, 3 Minutes, 50 Seconds
2023-09-20 19:05:26,226 [base_deploy.py:log_info()] - Git Repo mainsail: Next refresh in: 3 Days, 23 Hours, 41 Seconds
2023-09-20 19:05:26,226 [base_deploy.py:log_info()] - Git Repo Klipper-Adaptive-Meshing-Purging: Next refresh in: 3 Days, 23 Hours, 21 Seconds
2023-09-20 19:05:26,226 [base_deploy.py:log_info()] - Git Repo crowsnest: Next refresh in: 5 Days, 39 Minutes, 50 Seconds
2023-09-20 19:05:26,226 [base_deploy.py:log_info()] - Git Repo timelapse: Next refresh in: 3 Days, 23 Hours, 48 Seconds
2023-09-20 19:05:26,226 [base_deploy.py:log_info()] - Git Repo klipper-backup: Next refresh in: 5 Days, 1 Hour, 19 Minutes, 23 Seconds
2023-09-20 19:05:26,227 [base_deploy.py:log_info()] - Git Repo octoeverywhere: Next refresh in: 3 Days, 22 Hours, 40 Minutes, 37 Seconds
2023-09-20 19:05:26,237 [extensions.py:start_unix_server()] - Creating Unix Domain Socket at '/home/Klipper/printer_data/comms/moonraker.sock'
2023-09-20 19:05:26,239 [server.py:start_server()] - Starting Moonraker on (0.0.0.0, 7125), Hostname: SV06
2023-09-20 19:05:26,241 [app.py:listen()] - SSL Certificate/Key not configured, aborting HTTPS Server startup
2023-09-20 19:05:26,431 [authorization.py:_check_trusted_connection()] - Trusted Connection Detected, IP: 192.168.0.9
2023-09-20 19:05:26,434 [app.py:log_request()] - 101 GET /websocket (192.168.0.9) [_TRUSTED_USER_] 6.02ms
2023-09-20 19:05:26,434 [websockets.py:open()] - Websocket Opened: ID: 1748604936, Proxied: True, User Agent: Mozilla/5.0 (Windows NT 10.0; Win64; x64) AppleWebKit/537.36 (KHTML, like Gecko) Chrome/117.0.0.0 Safari/537.36, Host Name: 192.168.0.40
2023-09-20 19:05:26,446 [websockets.py:_handle_identify()] - Websocket 1748604936 Client Identified - Name: mainsail, Version: 2.5.1, Type: web
2023-09-20 19:05:26,499 [klippy_connection.py:_do_connect()] - Klippy Connection Established
2023-09-20 19:05:26,654 [server.py:add_log_rollover_item()] - 
Systemd unit klipper.service:
unit_name: klipper.service
is_default: True
manager: systemd
Properties:
**Requires=['system.slice', 'sysinit.target', '-.mount']
**After=['sysinit.target', 'basic.target', 'network-online.target', 'systemd-journald.socket', 'system.slice', '-.mount']
**SupplementaryGroups=[]
**EnvironmentFiles=/home/Klipper/printer_data/systemd/klipper.env
**ExecStart=/home/Klipper/klippy-env/bin/python $KLIPPER_ARGS
**WorkingDirectory=/home/Klipper/klipper
**FragmentPath=/etc/systemd/system/klipper.service
**Description=Klipper 3D Printer Firmware SV1
**User=Klipper
2023-09-20 19:05:26,676 [authorization.py:_check_trusted_connection()] - Trusted Connection Detected, IP: 127.0.0.1
2023-09-20 19:05:26,678 [app.py:log_request()] - 101 GET /websocket (127.0.0.1) [_TRUSTED_USER_] 4.58ms
2023-09-20 19:05:26,679 [websockets.py:open()] - Websocket Opened: ID: 1729923536, Proxied: False, User Agent: , Host Name: 0.0.0.0
2023-09-20 19:05:26,689 [websockets.py:_handle_identify()] - Websocket 1729923536 Client Identified - Name: OctoEverywhere, Version: 2.7.10, Type: agent
2023-09-20 19:05:26,911 [server.py:add_log_rollover_item()] - Klipper Version: v0.11.0-275-g8ef0f7d7-dirty
2023-09-20 19:05:26,930 [app.py:register_remote_handler()] - Registering HTTP endpoint: (GET POST) /printer/info
2023-09-20 19:05:26,931 [websockets.py:register_api_handler()] - Registering Websocket JSON-RPC methods: printer.info
2023-09-20 19:05:26,932 [app.py:register_remote_handler()] - Registering HTTP endpoint: (GET POST) /printer/emergency_stop
2023-09-20 19:05:26,933 [websockets.py:register_api_handler()] - Registering Websocket JSON-RPC methods: printer.emergency_stop
2023-09-20 19:05:26,934 [app.py:register_remote_handler()] - Registering HTTP endpoint: (GET POST) /printer/gcode/help
2023-09-20 19:05:26,934 [websockets.py:register_api_handler()] - Registering Websocket JSON-RPC methods: printer.gcode.help
2023-09-20 19:05:26,935 [app.py:register_remote_handler()] - Registering HTTP endpoint: (GET POST) /printer/gcode/script
2023-09-20 19:05:26,936 [websockets.py:register_api_handler()] - Registering Websocket JSON-RPC methods: printer.gcode.script
2023-09-20 19:05:26,937 [app.py:register_remote_handler()] - Registering HTTP endpoint: (GET POST) /printer/gcode/restart
2023-09-20 19:05:26,938 [websockets.py:register_api_handler()] - Registering Websocket JSON-RPC methods: printer.gcode.restart
2023-09-20 19:05:26,938 [app.py:register_remote_handler()] - Registering HTTP endpoint: (GET POST) /printer/gcode/firmware_restart
2023-09-20 19:05:26,939 [websockets.py:register_api_handler()] - Registering Websocket JSON-RPC methods: printer.gcode.firmware_restart
2023-09-20 19:05:26,940 [app.py:register_remote_handler()] - Registering HTTP endpoint: (GET POST) /printer/objects/list
2023-09-20 19:05:26,941 [websockets.py:register_api_handler()] - Registering Websocket JSON-RPC methods: printer.objects.list
2023-09-20 19:05:26,942 [app.py:register_remote_handler()] - Registering HTTP endpoint: (GET POST) /printer/objects/query
2023-09-20 19:05:26,943 [websockets.py:register_api_handler()] - Registering Websocket JSON-RPC methods: printer.objects.query
2023-09-20 19:05:26,944 [app.py:register_remote_handler()] - Registering HTTP endpoint: (GET POST) /printer/objects/subscribe
2023-09-20 19:05:26,945 [websockets.py:register_api_handler()] - Registering Websocket JSON-RPC methods: printer.objects.subscribe
2023-09-20 19:05:26,946 [app.py:register_remote_handler()] - Registering HTTP endpoint: (GET POST) /printer/pause_resume/cancel
2023-09-20 19:05:26,948 [websockets.py:register_api_handler()] - Registering Websocket JSON-RPC methods: printer.pause_resume.cancel
2023-09-20 19:05:26,948 [app.py:register_remote_handler()] - Registering HTTP endpoint: (GET POST) /printer/pause_resume/pause
2023-09-20 19:05:26,949 [websockets.py:register_api_handler()] - Registering Websocket JSON-RPC methods: printer.pause_resume.pause
2023-09-20 19:05:26,950 [app.py:register_remote_handler()] - Registering HTTP endpoint: (GET POST) /printer/pause_resume/resume
2023-09-20 19:05:26,951 [websockets.py:register_api_handler()] - Registering Websocket JSON-RPC methods: printer.pause_resume.resume
2023-09-20 19:05:26,951 [app.py:register_remote_handler()] - Registering HTTP endpoint: (GET POST) /printer/motion_report/dump_stepper
2023-09-20 19:05:26,954 [websockets.py:register_api_handler()] - Registering Websocket JSON-RPC methods: printer.motion_report.dump_stepper
2023-09-20 19:05:26,954 [app.py:register_remote_handler()] - Registering HTTP endpoint: (GET POST) /printer/query_endstops/status
2023-09-20 19:05:26,956 [websockets.py:register_api_handler()] - Registering Websocket JSON-RPC methods: printer.query_endstops.status
2023-09-20 19:05:26,956 [app.py:register_remote_handler()] - Registering HTTP endpoint: (GET POST) /printer/motion_report/dump_trapq
2023-09-20 19:05:26,958 [websockets.py:register_api_handler()] - Registering Websocket JSON-RPC methods: printer.motion_report.dump_trapq
2023-09-20 19:05:26,985 [klippy_connection.py:_request_initial_subscriptions()] - Webhooks Subscribed
2023-09-20 19:05:26,996 [klippy_connection.py:_request_initial_subscriptions()] - GCode Output Subscribed
2023-09-20 19:05:27,214 [job_state.py:_handle_started()] - Job state initialized: standby
2023-09-20 19:05:27,401 [app.py:log_request()] - 101 GET /websocket (192.168.0.9) [_TRUSTED_USER_] 3.02ms
2023-09-20 19:05:27,401 [websockets.py:open()] - Websocket Opened: ID: 1748604768, Proxied: True, User Agent: Mozilla/5.0 (Windows NT 10.0; Win64; x64) AppleWebKit/537.36 (KHTML, like Gecko) Chrome/117.0.0.0 Safari/537.36, Host Name: 192.168.0.40
2023-09-20 19:05:27,408 [websockets.py:_handle_identify()] - Websocket 1748604768 Client Identified - Name: OctoEverywhere-BrowserAgent, Version: 1.0.0, Type: web
2023-09-20 19:05:27,498 [klippy_connection.py:_check_ready()] - Klippy ready
2023-09-20 19:05:27,987 [data_store.py:_init_sensors()] - Configuring available sensors: ['heater_bed', 'extruder']
2023-09-20 19:06:22,934 [app.py:prepare()] - Upload Request Received from 192.168.0.9
2023-09-20 19:06:22,945 [app.py:post()] - Processing Uploaded File: printer.cfg
2023-09-20 19:06:22,965 [app.py:log_request()] - 201 POST /server/files/upload (192.168.0.9) [_TRUSTED_USER_] 40.16ms
2023-09-20 19:06:24,032 [klippy_connection.py:_on_connection_closed()] - Klippy Connection Removed
2023-09-20 19:06:24,045 [websockets.py:on_close()] - Websocket Closed: ID: 1729923536 Close Code: 1000, Close Reason: None, Pong Time Elapsed: 7.36
2023-09-20 19:06:25,301 [klippy_connection.py:_do_connect()] - Klippy Connection Established
2023-09-20 19:06:26,065 [app.py:log_request()] - 101 GET /websocket (127.0.0.1) [_TRUSTED_USER_] 4.19ms
2023-09-20 19:06:26,066 [websockets.py:open()] - Websocket Opened: ID: 1729424928, Proxied: False, User Agent: , Host Name: 0.0.0.0
2023-09-20 19:06:26,077 [websockets.py:_handle_identify()] - Websocket 1729424928 Client Identified - Name: OctoEverywhere, Version: 2.7.10, Type: agent
2023-09-20 19:06:30,367 [klippy_connection.py:_request_initial_subscriptions()] - Webhooks Subscribed
2023-09-20 19:06:30,370 [klippy_connection.py:_request_initial_subscriptions()] - GCode Output Subscribed
2023-09-20 19:06:30,618 [job_state.py:_handle_started()] - Job state initialized: standby
2023-09-20 19:06:30,894 [klippy_connection.py:_check_ready()] - Klippy ready
2023-09-20 19:06:31,405 [data_store.py:_init_sensors()] - Configuring available sensors: ['heater_bed', 'extruder']
2023-09-20 19:08:47,721 [app.py:prepare()] - Upload Request Received from 192.168.0.9
2023-09-20 19:08:47,733 [app.py:post()] - Processing Uploaded File: printer.cfg
2023-09-20 19:08:47,754 [app.py:log_request()] - 201 POST /server/files/upload (192.168.0.9) [_TRUSTED_USER_] 36.16ms
2023-09-20 19:08:48,814 [klippy_connection.py:_on_connection_closed()] - Klippy Connection Removed
2023-09-20 19:08:48,826 [websockets.py:on_close()] - Websocket Closed: ID: 1729424928 Close Code: 1000, Close Reason: None, Pong Time Elapsed: 2.76
2023-09-20 19:08:50,080 [klippy_connection.py:_do_connect()] - Klippy Connection Established
2023-09-20 19:08:50,849 [app.py:log_request()] - 101 GET /websocket (127.0.0.1) [_TRUSTED_USER_] 7.59ms
2023-09-20 19:08:50,850 [websockets.py:open()] - Websocket Opened: ID: 1729387800, Proxied: False, User Agent: , Host Name: 0.0.0.0
2023-09-20 19:08:50,856 [websockets.py:_handle_identify()] - Websocket 1729387800 Client Identified - Name: OctoEverywhere, Version: 2.7.10, Type: agent
2023-09-20 19:08:55,156 [klippy_connection.py:_request_initial_subscriptions()] - Webhooks Subscribed
2023-09-20 19:08:55,161 [klippy_connection.py:_request_initial_subscriptions()] - GCode Output Subscribed
2023-09-20 19:08:55,407 [job_state.py:_handle_started()] - Job state initialized: standby
2023-09-20 19:08:55,686 [klippy_connection.py:_check_ready()] - Klippy ready
2023-09-20 19:08:56,193 [data_store.py:_init_sensors()] - Configuring available sensors: ['heater_bed', 'extruder']
2023-09-20 20:10:33,917 [authorization.py:_prune_conn_handler()] - Trusted Connection Expired, IP: 192.168.0.9
2023-09-20 20:10:33,918 [authorization.py:_prune_conn_handler()] - Trusted Connection Expired, IP: 127.0.0.1
